<?xml version="1.0" encoding="UTF-8"?>
<!-- Generated by org.testng.reporters.JUnitReportReporter -->
<testsuite hostname="DESKTOP-945OC9D" name="Cucumberoptions.TestRunner" tests="1" failures="0" timestamp="18 Feb 2021 09:58:30 GMT" time="14.194" errors="0">
  <testcase name="feature" time="14.194" classname="Cucumberoptions.TestRunner"/>
</testsuite> <!-- Cucumberoptions.TestRunner -->
