<?xml version="1.0" encoding="UTF-8"?>
<!-- Generated by org.testng.reporters.JUnitReportReporter -->
<testsuite hostname="DESKTOP-945OC9D" failures="0" tests="2" name="TestngPractise.Homepage" time="2.576" errors="0" timestamp="2021-02-17T12:01:01 AWST" skipped="0">
  <testcase classname="TestngPractise.Homepage" name="homepge" time="0.976"/>
  <system-out/>
  <testcase classname="TestngPractise.Homepage" name="homepge" time="1.600"/>
  <system-out/>
</testsuite> <!-- TestngPractise.Homepage -->
