<?xml version="1.0" encoding="UTF-8"?>
<!-- Generated by org.testng.reporters.JUnitReportReporter -->
<testsuite hostname="DESKTOP-945OC9D" failures="0" tests="2" name="Cucumberoptions.TestRunner" time="32.571" errors="0" timestamp="23 Mar 2021 07:17:15 GMT" skipped="0">
  <testcase classname="Cucumberoptions.TestRunner" name="runScenario" time="23.568"/>
  <testcase classname="Cucumberoptions.TestRunner" name="runScenario" time="9.003"/>
</testsuite> <!-- Cucumberoptions.TestRunner -->
