<?xml version="1.0" encoding="UTF-8"?>
<!-- Generated by org.testng.reporters.JUnitReportReporter -->
<testsuite hostname="DESKTOP-945OC9D" failures="0" tests="2" name="TestngPractise.Homepage" time="3.511" errors="0" timestamp="24 Feb 2021 09:35:08 GMT">
  <testcase classname="TestngPractise.Homepage" name="homepge" time="2.486"/>
  <testcase classname="TestngPractise.Homepage" name="homepge" time="1.025"/>
</testsuite> <!-- TestngPractise.Homepage -->
